4.5396 	WARNING 	psychopy.parallel has been imported on a Mac (which doesn't have a parallel port?)
10.1722 	EXP 	Created window1 = Window(allowGUI=False, allowStencil=False, autoLog=True, backendConf=UNKNOWN, backgroundFit=<method-wrapper '__getattribute__' of attributeSetter object at 0x7fab72904580>, backgroundImage=<method-wrapper '__getattribute__' of attributeSetter object at 0x7fab72904520>, bitsMode=UNKNOWN, blendMode='avg', bpc=(8, 8, 8), color=array([0, 0, 0]), colorSpace='rgb', depthBits=8, fullscr=<method-wrapper '__getattribute__' of attributeSetter object at 0x7fab72904370>, gamma=None, gammaErrorPolicy='raise', infoMsg=UNKNOWN, lms=UNKNOWN, monitor=<psychopy.monitors.calibTools.Monitor object at 0x7fab809bcd90>, multiSample=False, name='window1', numSamples=2, pos=[360.0, 225.0], screen=0, size=array([2880, 1800]), stencilBits=0, stereo=False, title='PsychoPy', units='pix', useFBO=True, useRetina=True, viewOri=0.0, viewPos=None, viewScale=None, waitBlanking=True, winType='pyglet')
10.1722 	EXP 	window1: backgroundImage = ''
10.1722 	EXP 	window1: backgroundFit = 'none'
10.1730 	EXP 	window1: mouseVisible = False
10.1754 	EXP 	window1: Attempting to measure frame rate of screen (0) ...
10.1754 	EXP 	window1: recordFrameIntervals = False
10.2622 	EXP 	window1: recordFrameIntervals = True
10.2888 	WARNING 	t of last frame was 10.86ms (=1/92)
10.4294 	EXP 	Screen (0) actual frame rate measured at 119.02Hz
10.4294 	EXP 	window1: recordFrameIntervals = False
15.0884 	EXP 	window1: mouseVisible = False
15.1483 	EXP 	Created text_welcome = TextStim(__class__=<class 'psychopy.visual.text.TextStim'>, alignHoriz=method-wrapper(...), alignText='center', alignVert=method-wrapper(...), anchorHoriz='center', anchorVert='center', antialias=True, autoDraw=False, autoLog=True, bold=False, color=array([1., 1., 1.]), colorSpace='rgb', contrast=1.0, depth=0.0, draggable=False, flipHoriz=False, flipVert=False, font='Open Sans', fontFiles=[], height=1.0, italic=False, languageStyle='LTR', name='text_welcome', opacity=1.0, ori=0.0, pos=array([0., 0.]), rgb=UNKNOWN, text='When you are ready, press "space".', units='cm', win=Window(...), wrapWidth=15.0)
15.1485 	EXP 	window1: mouseVisible = False
15.1525 	EXP 	Created line_diagonal_1 = Line(__class__=<class 'psychopy.visual.line.Line'>, anchor=('center', 'center'), autoDraw=False, autoLog=True, closeShape=False, color=array([1., 0., 0.]), colorSpace='rgb', contrast=None, depth=0.0, draggable=False, fillColor=array([0, 0, 0]), fillColorSpace='rgb', fillRGB=array([0, 0, 0]), interpolate=True, lineColor=array([1., 0., 0.]), lineColorSpace='rgb', lineRGB=array([250,   0,   0]), lineWidth=1.5, name='line_diagonal_1', opacity=0.5, ori=0.0, pos=array([0., 0.]), size=array([1., 1.]), units='norm', vertices=ndarray(...), win=Window(...), windingRule=None)
15.1527 	EXP 	window1: mouseVisible = False
15.1552 	EXP 	Created line_diagonal_2 = Line(__class__=<class 'psychopy.visual.line.Line'>, anchor=('center', 'center'), autoDraw=False, autoLog=True, closeShape=False, color=array([1., 0., 0.]), colorSpace='rgb', contrast=None, depth=0.0, draggable=False, fillColor=array([0, 0, 0]), fillColorSpace='rgb', fillRGB=array([0, 0, 0]), interpolate=True, lineColor=array([1., 0., 0.]), lineColorSpace='rgb', lineRGB=array([250,   0,   0]), lineWidth=1.5, name='line_diagonal_2', opacity=0.5, ori=0.0, pos=array([0., 0.]), size=array([1., 1.]), units='norm', vertices=ndarray(...), win=Window(...), windingRule=None)
15.6417 	EXP 	Sound beep set volume 1.000
15.6468 	EXP 	Sound audio set volume 1.000
15.8284 	EXP 	Sound audio set volume 1.000
15.8452 	EXP 	Sound audio set volume 1.000
15.8549 	EXP 	Sound audio set volume 1.000
15.8631 	EXP 	Sound audio set volume 1.000
15.8775 	EXP 	window1: mouseVisible = False
16.2569 	EXP 	window1: mouseVisible = False
16.2831 	EXP 	window1: mouseVisible = False
16.3204 	EXP 	window1: mouseVisible = False
16.3476 	EXP 	window1: mouseVisible = False
16.3800 	EXP 	window1: mouseVisible = False
16.4073 	EXP 	window1: mouseVisible = False
16.4348 	EXP 	window1: mouseVisible = False
16.4629 	EXP 	window1: mouseVisible = False
16.4952 	EXP 	window1: mouseVisible = False
16.5223 	EXP 	window1: mouseVisible = False
16.5645 	EXP 	window1: mouseVisible = False
16.6000 	EXP 	window1: mouseVisible = False
16.6316 	EXP 	window1: mouseVisible = False
16.6611 	EXP 	Created unnamed ImageStim = ImageStim(__class__=<class 'psychopy.visual.image.ImageStim'>, anchor=('center', 'center'), autoLog=True, color=array([1., 1., 1.]), colorSpace='rgb', contrast=1.0, depth=0, draggable=False, flipHoriz=False, flipVert=False, image=str(...), interpolate=False, mask=None, maskParams=None, name='unnamed ImageStim', opacity=1.0, ori=0.0, pos=array([0., 0.]), size=array([385., 400.]), texRes=128, units='pix', win=Window(...))
16.7195 	EXP 	unnamed MovieStim: autoLog = True
16.7195 	EXP 	unnamed MovieStim: autoLog = True
16.7195 	EXP 	unnamed MovieStim: autoLog = True
16.7195 	EXP 	unnamed MovieStim: autoLog = True
16.7195 	EXP 	unnamed MovieStim: autoLog = True
16.7195 	EXP 	unnamed MovieStim: autoLog = True
16.7195 	EXP 	unnamed MovieStim: autoLog = True
16.7195 	EXP 	unnamed MovieStim: autoLog = True
16.7195 	EXP 	unnamed MovieStim: autoLog = True
16.7195 	EXP 	unnamed MovieStim: autoLog = True
16.7195 	EXP 	unnamed MovieStim: autoLog = True
16.7195 	EXP 	unnamed MovieStim: autoLog = True
16.7195 	EXP 	unnamed MovieStim: autoLog = True
16.7195 	EXP 	text_welcome: autoDraw = True
19.9282 	DATA 	Keypress: space
19.9412 	EXP 	Created sequence: random, trialTypes=12, nReps=35, seed=None
19.9419 	EXP 	New trial (rep=0, index=0): {'condition': '6_con_duration', 'single_duration': 0.02, 'numerosity': 6}
19.9516 	EXP 	Sound beep started
19.9497 	EXP 	text_welcome: autoDraw = False
19.9629 	EXP 	Sound beep stopped
20.0719 	EXP 	Sound beep started
20.0816 	EXP 	Sound beep stopped
20.1832 	EXP 	Sound beep started
20.2120 	EXP 	Sound beep stopped
20.3135 	EXP 	Sound beep started
20.3327 	EXP 	Sound beep stopped
20.4418 	EXP 	Sound beep started
20.4523 	EXP 	Sound beep stopped
20.5536 	EXP 	Sound beep started
20.5758 	EXP 	Sound beep stopped
21.3764 	EXP 	New trial (rep=0, index=1): {'condition': '6_con_rate', 'single_duration': 0.02, 'numerosity': 6}
21.3839 	EXP 	Sound beep started
21.4117 	EXP 	Sound beep stopped
21.5128 	EXP 	Sound beep started
21.5307 	EXP 	Sound beep stopped
21.6318 	EXP 	Sound beep started
21.6618 	EXP 	Sound beep stopped
21.7630 	EXP 	Sound beep started
21.7809 	EXP 	Sound beep stopped
21.8819 	EXP 	Sound beep started
21.8996 	EXP 	Sound beep stopped
22.0007 	EXP 	Sound beep started
22.0285 	EXP 	Sound beep stopped
22.8290 	EXP 	New trial (rep=0, index=2): {'condition': '2_con_duration', 'single_duration': 0.26, 'numerosity': 2}
22.8362 	EXP 	Sound beep started
23.0957 	EXP 	Sound beep stopped
23.1973 	EXP 	Sound beep started
23.4629 	EXP 	Sound beep stopped
24.2635 	EXP 	New trial (rep=0, index=3): {'condition': '4_con_duration', 'single_duration': 0.08, 'numerosity': 4}
24.2707 	EXP 	Sound beep started
24.3511 	EXP 	Sound beep stopped
24.4524 	EXP 	Sound beep started
24.5342 	EXP 	Sound beep stopped
24.6356 	EXP 	Sound beep started
24.7173 	EXP 	Sound beep stopped
24.8189 	EXP 	Sound beep started
24.9020 	EXP 	Sound beep stopped
25.7026 	EXP 	New trial (rep=0, index=4): {'condition': '5_con_rate', 'single_duration': 0.02, 'numerosity': 5}
25.7095 	EXP 	Sound beep started
25.7323 	EXP 	Sound beep stopped
25.8335 	EXP 	Sound beep started
25.8508 	EXP 	Sound beep stopped
25.9526 	EXP 	Sound beep started
25.9736 	EXP 	Sound beep stopped
26.0748 	EXP 	Sound beep started
26.0981 	EXP 	Sound beep stopped
26.1993 	EXP 	Sound beep started
26.2293 	EXP 	Sound beep stopped
27.0298 	EXP 	New trial (rep=0, index=5): {'condition': '1_con_rate', 'single_duration': 0.02, 'numerosity': 1}
27.0369 	EXP 	Sound beep started
27.0617 	EXP 	Sound beep stopped
27.8622 	EXP 	New trial (rep=0, index=6): {'condition': '2_con_rate', 'single_duration': 0.02, 'numerosity': 2}
27.8700 	EXP 	Sound beep started
27.8955 	EXP 	Sound beep stopped
27.9970 	EXP 	Sound beep started
28.0194 	EXP 	Sound beep stopped
28.8199 	EXP 	New trial (rep=0, index=7): {'condition': '5_con_duration', 'single_duration': 0.044, 'numerosity': 5}
28.8274 	EXP 	Sound beep started
28.8784 	EXP 	Sound beep stopped
28.9797 	EXP 	Sound beep started
29.0286 	EXP 	Sound beep stopped
29.1302 	EXP 	Sound beep started
29.1788 	EXP 	Sound beep stopped
29.2800 	EXP 	Sound beep started
29.3293 	EXP 	Sound beep stopped
29.4303 	EXP 	Sound beep started
29.4791 	EXP 	Sound beep stopped
30.2796 	EXP 	New trial (rep=0, index=8): {'condition': '1_con_duration', 'single_duration': 0.62, 'numerosity': 1}
30.2871 	EXP 	Sound beep started
30.9142 	EXP 	Sound beep stopped
31.7148 	EXP 	New trial (rep=0, index=9): {'condition': '3_con_duration', 'single_duration': 0.14, 'numerosity': 3}
31.7209 	EXP 	Sound beep started
31.8629 	EXP 	Sound beep stopped
31.9640 	EXP 	Sound beep started
32.1128 	EXP 	Sound beep stopped
32.2140 	EXP 	Sound beep started
32.3626 	EXP 	Sound beep stopped
33.1632 	EXP 	New trial (rep=0, index=10): {'condition': '3_con_rate', 'single_duration': 0.02, 'numerosity': 3}
33.1705 	EXP 	Sound beep started
33.1950 	EXP 	Sound beep stopped
33.2964 	EXP 	Sound beep started
33.3147 	EXP 	Sound beep stopped
33.4157 	EXP 	Sound beep started
33.4337 	EXP 	Sound beep stopped
34.2343 	EXP 	New trial (rep=0, index=11): {'condition': '4_con_rate', 'single_duration': 0.02, 'numerosity': 4}
34.2422 	EXP 	Sound beep started
34.2652 	EXP 	Sound beep stopped
34.3662 	EXP 	Sound beep started
34.3960 	EXP 	Sound beep stopped
34.4971 	EXP 	Sound beep started
34.5150 	EXP 	Sound beep stopped
34.6161 	EXP 	Sound beep started
34.6459 	EXP 	Sound beep stopped
35.7613 	EXP 	Sound audio started
36.4522 	EXP 	Sound audio stopped
37.2654 	EXP 	New trial (rep=1, index=0): {'condition': '4_con_rate', 'single_duration': 0.02, 'numerosity': 4}
37.2714 	EXP 	Sound beep started
37.2954 	EXP 	Sound beep stopped
37.3965 	EXP 	Sound beep started
37.4141 	EXP 	Sound beep stopped
37.5156 	EXP 	Sound beep started
37.5463 	EXP 	Sound beep stopped
37.6471 	EXP 	Sound beep started
37.6653 	EXP 	Sound beep stopped
38.4658 	EXP 	New trial (rep=1, index=1): {'condition': '1_con_duration', 'single_duration': 0.62, 'numerosity': 1}
38.4730 	EXP 	Sound beep started
39.0981 	EXP 	Sound beep stopped
39.8988 	EXP 	New trial (rep=1, index=2): {'condition': '3_con_duration', 'single_duration': 0.14, 'numerosity': 3}
39.9048 	EXP 	Sound beep started
40.0466 	EXP 	Sound beep stopped
40.1475 	EXP 	Sound beep started
40.2955 	EXP 	Sound beep stopped
40.3973 	EXP 	Sound beep started
40.5463 	EXP 	Sound beep stopped
41.3468 	EXP 	New trial (rep=1, index=3): {'condition': '1_con_rate', 'single_duration': 0.02, 'numerosity': 1}
41.3540 	EXP 	Sound beep started
41.3793 	EXP 	Sound beep stopped
42.1798 	EXP 	New trial (rep=1, index=4): {'condition': '5_con_duration', 'single_duration': 0.044, 'numerosity': 5}
42.1871 	EXP 	Sound beep started
42.2288 	EXP 	Sound beep stopped
42.3382 	EXP 	Sound beep started
42.3796 	EXP 	Sound beep stopped
42.4807 	EXP 	Sound beep started
42.5295 	EXP 	Sound beep stopped
42.6307 	EXP 	Sound beep started
42.6795 	EXP 	Sound beep stopped
42.7809 	EXP 	Sound beep started
42.8314 	EXP 	Sound beep stopped
43.6321 	EXP 	New trial (rep=1, index=5): {'condition': '2_con_duration', 'single_duration': 0.26, 'numerosity': 2}
43.6390 	EXP 	Sound beep started
43.9020 	EXP 	Sound beep stopped
44.0031 	EXP 	Sound beep started
44.2631 	EXP 	Sound beep stopped
45.0637 	EXP 	New trial (rep=1, index=6): {'condition': '6_con_duration', 'single_duration': 0.02, 'numerosity': 6}
45.0711 	EXP 	Sound beep started
45.0958 	EXP 	Sound beep stopped
45.1972 	EXP 	Sound beep started
45.2200 	EXP 	Sound beep stopped
45.3212 	EXP 	Sound beep started
45.3438 	EXP 	Sound beep stopped
45.4451 	EXP 	Sound beep started
45.4665 	EXP 	Sound beep stopped
45.5679 	EXP 	Sound beep started
45.5956 	EXP 	Sound beep stopped
45.6967 	EXP 	Sound beep started
45.7146 	EXP 	Sound beep stopped
46.5151 	EXP 	New trial (rep=1, index=7): {'condition': '2_con_rate', 'single_duration': 0.02, 'numerosity': 2}
46.5224 	EXP 	Sound beep started
46.5454 	EXP 	Sound beep stopped
46.6466 	EXP 	Sound beep started
46.6639 	EXP 	Sound beep stopped
47.4645 	EXP 	New trial (rep=1, index=8): {'condition': '5_con_rate', 'single_duration': 0.02, 'numerosity': 5}
47.4722 	EXP 	Sound beep started
47.4966 	EXP 	Sound beep stopped
47.5976 	EXP 	Sound beep started
47.6156 	EXP 	Sound beep stopped
47.7168 	EXP 	Sound beep started
47.7455 	EXP 	Sound beep stopped
47.8473 	EXP 	Sound beep started
47.8699 	EXP 	Sound beep stopped
47.9709 	EXP 	Sound beep started
47.9924 	EXP 	Sound beep stopped
48.7931 	EXP 	New trial (rep=1, index=9): {'condition': '4_con_duration', 'single_duration': 0.08, 'numerosity': 4}
48.8004 	EXP 	Sound beep started
48.8788 	EXP 	Sound beep stopped
48.9806 	EXP 	Sound beep started
49.0629 	EXP 	Sound beep stopped
49.1640 	EXP 	Sound beep started
49.2464 	EXP 	Sound beep stopped
49.3474 	EXP 	Sound beep started
49.4296 	EXP 	Sound beep stopped
50.2301 	EXP 	New trial (rep=1, index=10): {'condition': '6_con_rate', 'single_duration': 0.02, 'numerosity': 6}
50.2374 	EXP 	Sound beep started
50.2623 	EXP 	Sound beep stopped
50.3634 	EXP 	Sound beep started
50.3809 	EXP 	Sound beep stopped
50.4825 	EXP 	Sound beep started
50.5121 	EXP 	Sound beep stopped
50.6135 	EXP 	Sound beep started
50.6353 	EXP 	Sound beep stopped
50.7366 	EXP 	Sound beep started
50.7582 	EXP 	Sound beep stopped
50.8672 	EXP 	Sound beep started
50.8804 	EXP 	Sound beep stopped
51.6810 	EXP 	New trial (rep=1, index=11): {'condition': '3_con_rate', 'single_duration': 0.02, 'numerosity': 3}
51.6880 	EXP 	Sound beep started
51.7131 	EXP 	Sound beep stopped
51.8142 	EXP 	Sound beep started
51.8360 	EXP 	Sound beep stopped
51.9450 	EXP 	Sound beep started
51.9544 	EXP 	Sound beep stopped
53.0452 	EXP 	Sound audio started
53.7605 	EXP 	Sound audio stopped
54.5873 	EXP 	New trial (rep=2, index=0): {'condition': '4_con_rate', 'single_duration': 0.02, 'numerosity': 4}
54.5933 	EXP 	Sound beep started
54.6113 	EXP 	Sound beep stopped
54.7123 	EXP 	Sound beep started
54.7344 	EXP 	Sound beep stopped
54.8356 	EXP 	Sound beep started
54.8573 	EXP 	Sound beep stopped
54.9587 	EXP 	Sound beep started
54.9808 	EXP 	Sound beep stopped
55.5052 	DATA 	Keypress: escape
56.1206 	EXP 	window1: mouseVisible = True
56.1539 	WARNING 	Stopping key buffers but this could be dangerous ifother keyboards rely on the same.
