5.5274 	EXP 	Created window1 = Window(allowGUI=False, allowStencil=False, autoLog=True, backendConf=UNKNOWN, backgroundFit=<method-wrapper '__getattribute__' of attributeSetter object at 0x000002113E439570>, backgroundImage=<method-wrapper '__getattribute__' of attributeSetter object at 0x000002113E439510>, bitsMode=UNKNOWN, blendMode='avg', bpc=(8, 8, 8), color=array([0, 0, 0]), colorSpace='rgb', depthBits=8, fullscr=<method-wrapper '__getattribute__' of attributeSetter object at 0x000002113E439360>, gamma=None, gammaErrorPolicy='raise', infoMsg=UNKNOWN, lms=UNKNOWN, monitor=<psychopy.monitors.calibTools.Monitor object at 0x000002113E4EB3A0>, multiSample=False, name='window1', numSamples=2, pos=(0, 0), screen=0, size=array([1920, 1080]), stencilBits=0, stereo=False, title='PsychoPy', units='pix', useFBO=True, useRetina=False, viewOri=0.0, viewPos=None, viewScale=None, waitBlanking=True, winType='pyglet')
5.5274 	EXP 	window1: backgroundImage = ''
5.5274 	EXP 	window1: backgroundFit = 'none'
5.5275 	EXP 	window1: mouseVisible = False
5.5293 	EXP 	window1: Attempting to measure frame rate of screen (0) ...
5.5293 	EXP 	window1: recordFrameIntervals = False
5.6937 	EXP 	window1: recordFrameIntervals = True
5.8771 	EXP 	Screen (0) actual frame rate measured at 60.00Hz
5.8771 	EXP 	window1: recordFrameIntervals = False
5.9317 	EXP 	window1: mouseVisible = False
5.9704 	EXP 	Created text_welcome = TextStim(__class__=<class 'psychopy.visual.text.TextStim'>, alignHoriz=method-wrapper(...), alignText='center', alignVert=method-wrapper(...), anchorHoriz='center', anchorVert='center', antialias=True, autoDraw=False, autoLog=True, bold=False, color=array([1., 1., 1.]), colorSpace='rgb', contrast=1.0, depth=0.0, draggable=False, flipHoriz=False, flipVert=False, font='Open Sans', fontFiles=[], height=1.0, italic=False, languageStyle='LTR', name='text_welcome', opacity=1, ori=0.0, pos=array([0., 0.]), rgb=UNKNOWN, text='When you are ready, press "space".', units='cm', win=Window(...), wrapWidth=15.0)
5.9705 	EXP 	window1: mouseVisible = False
5.9741 	EXP 	Created line_diagonal_1 = Line(__class__=<class 'psychopy.visual.line.Line'>, anchor=('center', 'center'), autoDraw=False, autoLog=True, closeShape=False, color=array([1., 0., 0.]), colorSpace='rgb', contrast=None, depth=0.0, draggable=False, fillColor=array([0, 0, 0]), fillColorSpace='rgb', fillRGB=array([0, 0, 0]), interpolate=True, lineColor=array([1., 0., 0.]), lineColorSpace='rgb', lineRGB=array([250,   0,   0]), lineWidth=1.5, name='line_diagonal_1', opacity=1, ori=0.0, pos=array([0., 0.]), size=array([1., 1.]), units='norm', vertices=array([[-1,  1],
       [ 1, -1]]), win=Window(...), windingRule=None)
5.9742 	EXP 	window1: mouseVisible = False
5.9758 	EXP 	Created line_diagonal_2 = Line(__class__=<class 'psychopy.visual.line.Line'>, anchor=('center', 'center'), autoDraw=False, autoLog=True, closeShape=False, color=array([1., 0., 0.]), colorSpace='rgb', contrast=None, depth=0.0, draggable=False, fillColor=array([0, 0, 0]), fillColorSpace='rgb', fillRGB=array([0, 0, 0]), interpolate=True, lineColor=array([1., 0., 0.]), lineColorSpace='rgb', lineRGB=array([250,   0,   0]), lineWidth=1.5, name='line_diagonal_2', opacity=1, ori=0.0, pos=array([0., 0.]), size=array([1., 1.]), units='norm', vertices=array([[-1, -1],
       [ 1,  1]]), win=Window(...), windingRule=None)
5.9979 	EXP 	Sound beep set volume 1.000
6.0006 	EXP 	Sound audio set volume 1.000
6.0019 	EXP 	Sound audio set volume 1.000
6.0059 	EXP 	Sound audio set volume 1.000
6.0103 	EXP 	Sound audio set volume 1.000
6.0156 	EXP 	Sound audio set volume 1.000
6.0252 	EXP 	window1: mouseVisible = False
6.1019 	EXP 	window1: mouseVisible = False
6.1488 	EXP 	window1: mouseVisible = False
6.1950 	EXP 	window1: mouseVisible = False
6.2410 	EXP 	window1: mouseVisible = False
6.2881 	EXP 	window1: mouseVisible = False
6.3341 	EXP 	window1: mouseVisible = False
6.3802 	EXP 	window1: mouseVisible = False
6.4271 	EXP 	window1: mouseVisible = False
6.4742 	EXP 	window1: mouseVisible = False
6.5212 	EXP 	window1: mouseVisible = False
6.5683 	EXP 	window1: mouseVisible = False
6.6153 	EXP 	window1: mouseVisible = False
6.6624 	EXP 	window1: mouseVisible = False
6.6686 	EXP 	Created unnamed ImageStim = ImageStim(__class__=<class 'psychopy.visual.image.ImageStim'>, anchor=('center', 'center'), autoLog=True, color=array([1., 1., 1.]), colorSpace='rgb', contrast=1.0, depth=0, draggable=False, flipHoriz=False, flipVert=False, image=str(...), interpolate=False, mask=None, maskParams=None, name='unnamed ImageStim', opacity=1, ori=0.0, pos=array([0., 0.]), size=array([385., 400.]), texRes=128, units='pix', win=Window(...))
6.6738 	EXP 	unnamed MovieStim: autoLog = True
6.6738 	EXP 	unnamed MovieStim: autoLog = True
6.6738 	EXP 	unnamed MovieStim: autoLog = True
6.6738 	EXP 	unnamed MovieStim: autoLog = True
6.6738 	EXP 	unnamed MovieStim: autoLog = True
6.6738 	EXP 	unnamed MovieStim: autoLog = True
6.6738 	EXP 	unnamed MovieStim: autoLog = True
6.6738 	EXP 	unnamed MovieStim: autoLog = True
6.6738 	EXP 	unnamed MovieStim: autoLog = True
6.6738 	EXP 	unnamed MovieStim: autoLog = True
6.6738 	EXP 	unnamed MovieStim: autoLog = True
6.6738 	EXP 	unnamed MovieStim: autoLog = True
6.6738 	EXP 	unnamed MovieStim: autoLog = True
6.6738 	EXP 	text_welcome: autoDraw = True
7.1302 	DATA 	Keypress: space
7.1947 	EXP 	Created sequence: random, trialTypes=12, nReps=35, seed=None
7.1952 	EXP 	New trial (rep=0, index=0): {'condition': '1_con_duration', 'single_duration': 0.62, 'numerosity': 1}
7.1962 	EXP 	Sound beep reached end of file
7.2106 	EXP 	Sound beep started
7.2074 	EXP 	text_welcome: autoDraw = False
7.8485 	EXP 	Sound beep stopped
8.6503 	EXP 	New trial (rep=0, index=1): {'condition': '6_con_rate', 'single_duration': 0.02, 'numerosity': 6}
8.6515 	EXP 	Sound beep reached end of file
8.6561 	EXP 	Sound beep started
8.6986 	EXP 	Sound beep stopped
8.7995 	EXP 	Sound beep reached end of file
8.8129 	EXP 	Sound beep started
8.8486 	EXP 	Sound beep stopped
8.9495 	EXP 	Sound beep reached end of file
8.9598 	EXP 	Sound beep started
8.9784 	EXP 	Sound beep stopped
9.0796 	EXP 	Sound beep reached end of file
9.0847 	EXP 	Sound beep started
9.1085 	EXP 	Sound beep stopped
9.2099 	EXP 	Sound beep reached end of file
9.2266 	EXP 	Sound beep started
9.2384 	EXP 	Sound beep stopped
9.3393 	EXP 	Sound beep reached end of file
9.3503 	EXP 	Sound beep started
9.3684 	EXP 	Sound beep stopped
10.1698 	EXP 	New trial (rep=0, index=2): {'condition': '4_con_duration', 'single_duration': 0.08, 'numerosity': 4}
10.1711 	EXP 	Sound beep reached end of file
10.1729 	EXP 	Sound beep started
10.2685 	EXP 	Sound beep stopped
10.3698 	EXP 	Sound beep reached end of file
10.3767 	EXP 	Sound beep started
10.4585 	EXP 	Sound beep stopped
10.5606 	EXP 	Sound beep reached end of file
10.5769 	EXP 	Sound beep started
10.6485 	EXP 	Sound beep stopped
10.7497 	EXP 	Sound beep reached end of file
10.7601 	EXP 	Sound beep started
10.8384 	EXP 	Sound beep stopped
11.6404 	EXP 	New trial (rep=0, index=3): {'condition': '3_con_duration', 'single_duration': 0.14, 'numerosity': 3}
11.6415 	EXP 	Sound beep reached end of file
11.6564 	EXP 	Sound beep started
11.8183 	EXP 	Sound beep stopped
11.9201 	EXP 	Sound beep reached end of file
11.9329 	EXP 	Sound beep started
12.0785 	EXP 	Sound beep stopped
12.1795 	EXP 	Sound beep reached end of file
12.1932 	EXP 	Sound beep started
12.3484 	EXP 	Sound beep stopped
13.1515 	EXP 	New trial (rep=0, index=4): {'condition': '2_con_duration', 'single_duration': 0.26, 'numerosity': 2}
13.1527 	EXP 	Sound beep reached end of file
13.1628 	EXP 	Sound beep started
13.4284 	EXP 	Sound beep stopped
13.5301 	EXP 	Sound beep reached end of file
13.5434 	EXP 	Sound beep started
13.8083 	EXP 	Sound beep stopped
14.6103 	EXP 	New trial (rep=0, index=5): {'condition': '5_con_rate', 'single_duration': 0.02, 'numerosity': 5}
14.6116 	EXP 	Sound beep reached end of file
14.6229 	EXP 	Sound beep started
14.6585 	EXP 	Sound beep stopped
14.7600 	EXP 	Sound beep reached end of file
14.7765 	EXP 	Sound beep started
14.8085 	EXP 	Sound beep stopped
14.9101 	EXP 	Sound beep reached end of file
14.9265 	EXP 	Sound beep started
14.9585 	EXP 	Sound beep stopped
15.0594 	EXP 	Sound beep reached end of file
15.0597 	EXP 	Sound beep started
15.0887 	EXP 	Sound beep stopped
15.1901 	EXP 	Sound beep reached end of file
15.1979 	EXP 	Sound beep started
15.2284 	EXP 	Sound beep stopped
16.0295 	EXP 	New trial (rep=0, index=6): {'condition': '1_con_rate', 'single_duration': 0.02, 'numerosity': 1}
16.0308 	EXP 	Sound beep reached end of file
16.0397 	EXP 	Sound beep started
16.0785 	EXP 	Sound beep stopped
16.8796 	EXP 	New trial (rep=0, index=7): {'condition': '2_con_rate', 'single_duration': 0.02, 'numerosity': 2}
16.8801 	EXP 	Sound beep reached end of file
16.8960 	EXP 	Sound beep started
16.9385 	EXP 	Sound beep stopped
17.0398 	EXP 	Sound beep reached end of file
17.0501 	EXP 	Sound beep started
17.0784 	EXP 	Sound beep stopped
17.8806 	EXP 	New trial (rep=0, index=8): {'condition': '3_con_rate', 'single_duration': 0.02, 'numerosity': 3}
17.8819 	EXP 	Sound beep reached end of file
17.8966 	EXP 	Sound beep started
17.9286 	EXP 	Sound beep stopped
18.0296 	EXP 	Sound beep reached end of file
18.0359 	EXP 	Sound beep started
18.0684 	EXP 	Sound beep stopped
18.1696 	EXP 	Sound beep reached end of file
18.1841 	EXP 	Sound beep started
18.2083 	EXP 	Sound beep stopped
19.0101 	EXP 	New trial (rep=0, index=9): {'condition': '6_con_duration', 'single_duration': 0.02, 'numerosity': 6}
19.0113 	EXP 	Sound beep reached end of file
19.0233 	EXP 	Sound beep started
19.0683 	EXP 	Sound beep stopped
19.1697 	EXP 	Sound beep reached end of file
19.1834 	EXP 	Sound beep started
19.2185 	EXP 	Sound beep stopped
19.3198 	EXP 	Sound beep reached end of file
19.3334 	EXP 	Sound beep started
19.3686 	EXP 	Sound beep stopped
19.4702 	EXP 	Sound beep reached end of file
19.4840 	EXP 	Sound beep started
19.5185 	EXP 	Sound beep stopped
19.6196 	EXP 	Sound beep reached end of file
19.6339 	EXP 	Sound beep started
19.6685 	EXP 	Sound beep stopped
19.7696 	EXP 	Sound beep reached end of file
19.7837 	EXP 	Sound beep started
19.8185 	EXP 	Sound beep stopped
20.6197 	EXP 	New trial (rep=0, index=10): {'condition': '5_con_duration', 'single_duration': 0.044, 'numerosity': 5}
20.6208 	EXP 	Sound beep reached end of file
20.6297 	EXP 	Sound beep started
20.6885 	EXP 	Sound beep stopped
20.7901 	EXP 	Sound beep reached end of file
20.8001 	EXP 	Sound beep started
20.8583 	EXP 	Sound beep stopped
20.9600 	EXP 	Sound beep reached end of file
20.9669 	EXP 	Sound beep started
21.0186 	EXP 	Sound beep stopped
21.1196 	EXP 	Sound beep reached end of file
21.1334 	EXP 	Sound beep started
21.1884 	EXP 	Sound beep stopped
21.2894 	EXP 	Sound beep reached end of file
21.3000 	EXP 	Sound beep started
21.3486 	EXP 	Sound beep stopped
22.1496 	EXP 	New trial (rep=0, index=11): {'condition': '4_con_rate', 'single_duration': 0.02, 'numerosity': 4}
22.1506 	EXP 	Sound beep reached end of file
22.1635 	EXP 	Sound beep started
22.1887 	EXP 	Sound beep stopped
22.2910 	EXP 	Sound beep reached end of file
22.3051 	EXP 	Sound beep started
22.3284 	EXP 	Sound beep stopped
22.4297 	EXP 	Sound beep reached end of file
22.4335 	EXP 	Sound beep started
22.4685 	EXP 	Sound beep stopped
22.5696 	EXP 	Sound beep reached end of file
22.5833 	EXP 	Sound beep started
22.6185 	EXP 	Sound beep stopped
23.7360 	EXP 	Sound audio started
24.4384 	EXP 	Sound audio stopped
25.2628 	EXP 	New trial (rep=1, index=0): {'condition': '2_con_rate', 'single_duration': 0.02, 'numerosity': 2}
25.2639 	EXP 	Sound beep reached end of file
25.2761 	EXP 	Sound beep started
25.3083 	EXP 	Sound beep stopped
25.4101 	EXP 	Sound beep reached end of file
25.4125 	EXP 	Sound beep started
25.4484 	EXP 	Sound beep stopped
26.2499 	EXP 	New trial (rep=1, index=1): {'condition': '4_con_rate', 'single_duration': 0.02, 'numerosity': 4}
26.2511 	EXP 	Sound beep reached end of file
26.2561 	EXP 	Sound beep started
26.2885 	EXP 	Sound beep stopped
26.3899 	EXP 	Sound beep reached end of file
26.4039 	EXP 	Sound beep started
26.4284 	EXP 	Sound beep stopped
26.5296 	EXP 	Sound beep reached end of file
26.5434 	EXP 	Sound beep started
26.5885 	EXP 	Sound beep stopped
26.6899 	EXP 	Sound beep reached end of file
26.6995 	EXP 	Sound beep started
26.7283 	EXP 	Sound beep stopped
27.5301 	EXP 	New trial (rep=1, index=2): {'condition': '2_con_duration', 'single_duration': 0.26, 'numerosity': 2}
27.5312 	EXP 	Sound beep reached end of file
27.5396 	EXP 	Sound beep started
27.8185 	EXP 	Sound beep stopped
27.9200 	EXP 	Sound beep reached end of file
27.9330 	EXP 	Sound beep started
28.2185 	EXP 	Sound beep stopped
29.0202 	EXP 	New trial (rep=1, index=3): {'condition': '6_con_rate', 'single_duration': 0.02, 'numerosity': 6}
29.0213 	EXP 	Sound beep reached end of file
29.0291 	EXP 	Sound beep started
29.0484 	EXP 	Sound beep stopped
29.1494 	EXP 	Sound beep reached end of file
29.1514 	EXP 	Sound beep started
29.1557 	EXP 	Sound beep stopped
29.2574 	EXP 	Sound beep reached end of file
29.2727 	EXP 	Sound beep started
29.3085 	EXP 	Sound beep stopped
29.4104 	EXP 	Sound beep reached end of file
29.4267 	EXP 	Sound beep started
29.4386 	EXP 	Sound beep stopped
29.5396 	EXP 	Sound beep reached end of file
29.5507 	EXP 	Sound beep started
29.5783 	EXP 	Sound beep stopped
29.6793 	EXP 	Sound beep reached end of file
29.6933 	EXP 	Sound beep started
29.7385 	EXP 	Sound beep stopped
30.5403 	EXP 	New trial (rep=1, index=4): {'condition': '3_con_duration', 'single_duration': 0.14, 'numerosity': 3}
30.5415 	EXP 	Sound beep reached end of file
30.5459 	EXP 	Sound beep started
30.6983 	EXP 	Sound beep stopped
30.8000 	EXP 	Sound beep reached end of file
30.8170 	EXP 	Sound beep started
30.9483 	EXP 	Sound beep stopped
31.0496 	EXP 	Sound beep reached end of file
31.0601 	EXP 	Sound beep started
31.2183 	EXP 	Sound beep stopped
32.0199 	EXP 	New trial (rep=1, index=5): {'condition': '1_con_duration', 'single_duration': 0.62, 'numerosity': 1}
32.0212 	EXP 	Sound beep reached end of file
32.0293 	EXP 	Sound beep started
32.6685 	EXP 	Sound beep stopped
33.4694 	EXP 	New trial (rep=1, index=6): {'condition': '5_con_duration', 'single_duration': 0.044, 'numerosity': 5}
33.4699 	EXP 	Sound beep reached end of file
33.4756 	EXP 	Sound beep started
33.5283 	EXP 	Sound beep stopped
33.6300 	EXP 	Sound beep reached end of file
33.6430 	EXP 	Sound beep started
33.6984 	EXP 	Sound beep stopped
33.7997 	EXP 	Sound beep reached end of file
33.8130 	EXP 	Sound beep started
33.8584 	EXP 	Sound beep stopped
33.9600 	EXP 	Sound beep reached end of file
33.9763 	EXP 	Sound beep started
34.0284 	EXP 	Sound beep stopped
34.1294 	EXP 	Sound beep reached end of file
34.1430 	EXP 	Sound beep started
34.1983 	EXP 	Sound beep stopped
34.9998 	EXP 	New trial (rep=1, index=7): {'condition': '5_con_rate', 'single_duration': 0.02, 'numerosity': 5}
35.0010 	EXP 	Sound beep reached end of file
35.0090 	EXP 	Sound beep started
35.0386 	EXP 	Sound beep stopped
35.1401 	EXP 	Sound beep reached end of file
35.1531 	EXP 	Sound beep started
35.1783 	EXP 	Sound beep stopped
35.2807 	EXP 	Sound beep reached end of file
35.2932 	EXP 	Sound beep started
35.3284 	EXP 	Sound beep stopped
35.4300 	EXP 	Sound beep reached end of file
35.4325 	EXP 	Sound beep started
35.4583 	EXP 	Sound beep stopped
35.5595 	EXP 	Sound beep reached end of file
35.5765 	EXP 	Sound beep started
35.5884 	EXP 	Sound beep stopped
36.3901 	EXP 	New trial (rep=1, index=8): {'condition': '1_con_rate', 'single_duration': 0.02, 'numerosity': 1}
36.3913 	EXP 	Sound beep reached end of file
36.3961 	EXP 	Sound beep started
36.4286 	EXP 	Sound beep stopped
37.2306 	EXP 	New trial (rep=1, index=9): {'condition': '3_con_rate', 'single_duration': 0.02, 'numerosity': 3}
37.2317 	EXP 	Sound beep reached end of file
37.2400 	EXP 	Sound beep started
37.2684 	EXP 	Sound beep stopped
37.3694 	EXP 	Sound beep reached end of file
37.3854 	EXP 	Sound beep started
37.4184 	EXP 	Sound beep stopped
37.5203 	EXP 	Sound beep reached end of file
37.5336 	EXP 	Sound beep started
37.5684 	EXP 	Sound beep stopped
38.3702 	EXP 	New trial (rep=1, index=10): {'condition': '4_con_duration', 'single_duration': 0.08, 'numerosity': 4}
38.3712 	EXP 	Sound beep reached end of file
38.3797 	EXP 	Sound beep started
38.4683 	EXP 	Sound beep stopped
38.5697 	EXP 	Sound beep reached end of file
38.5839 	EXP 	Sound beep started
38.6683 	EXP 	Sound beep stopped
38.7699 	EXP 	Sound beep reached end of file
38.7836 	EXP 	Sound beep started
38.8686 	EXP 	Sound beep stopped
38.9697 	EXP 	Sound beep reached end of file
38.9835 	EXP 	Sound beep started
39.0684 	EXP 	Sound beep stopped
39.8697 	EXP 	New trial (rep=1, index=11): {'condition': '6_con_duration', 'single_duration': 0.02, 'numerosity': 6}
39.8710 	EXP 	Sound beep reached end of file
39.8802 	EXP 	Sound beep started
39.9083 	EXP 	Sound beep stopped
40.0100 	EXP 	Sound beep reached end of file
40.0186 	EXP 	Sound beep started
40.0585 	EXP 	Sound beep stopped
40.1594 	EXP 	Sound beep reached end of file
40.1667 	EXP 	Sound beep started
40.1883 	EXP 	Sound beep stopped
40.2892 	EXP 	Sound beep reached end of file
40.2934 	EXP 	Sound beep started
40.3186 	EXP 	Sound beep stopped
40.4199 	EXP 	Sound beep reached end of file
40.4319 	EXP 	Sound beep started
40.4685 	EXP 	Sound beep stopped
40.5696 	EXP 	Sound beep reached end of file
40.5837 	EXP 	Sound beep started
40.6083 	EXP 	Sound beep stopped
41.7118 	EXP 	Sound audio started
42.4490 	EXP 	Sound audio stopped
43.2827 	EXP 	New trial (rep=2, index=0): {'condition': '2_con_duration', 'single_duration': 0.26, 'numerosity': 2}
43.2840 	EXP 	Sound beep reached end of file
43.2966 	EXP 	Sound beep started
43.5584 	EXP 	Sound beep stopped
43.6600 	EXP 	Sound beep reached end of file
43.6760 	EXP 	Sound beep started
43.9383 	EXP 	Sound beep stopped
44.7393 	EXP 	New trial (rep=2, index=1): {'condition': '6_con_duration', 'single_duration': 0.02, 'numerosity': 6}
44.7404 	EXP 	Sound beep reached end of file
44.7558 	EXP 	Sound beep started
44.7983 	EXP 	Sound beep stopped
44.8997 	EXP 	Sound beep reached end of file
44.9098 	EXP 	Sound beep started
44.9283 	EXP 	Sound beep stopped
45.0299 	EXP 	Sound beep reached end of file
45.0340 	EXP 	Sound beep started
45.0584 	EXP 	Sound beep stopped
45.1596 	EXP 	Sound beep reached end of file
45.1765 	EXP 	Sound beep started
45.1883 	EXP 	Sound beep stopped
45.2892 	EXP 	Sound beep reached end of file
45.2999 	EXP 	Sound beep started
45.3283 	EXP 	Sound beep stopped
45.4294 	EXP 	Sound beep reached end of file
45.4431 	EXP 	Sound beep started
45.4785 	EXP 	Sound beep stopped
46.2801 	EXP 	New trial (rep=2, index=2): {'condition': '2_con_rate', 'single_duration': 0.02, 'numerosity': 2}
46.2812 	EXP 	Sound beep reached end of file
46.2958 	EXP 	Sound beep started
46.3283 	EXP 	Sound beep stopped
46.4297 	EXP 	Sound beep reached end of file
46.4328 	EXP 	Sound beep started
46.4584 	EXP 	Sound beep stopped
47.2602 	EXP 	New trial (rep=2, index=3): {'condition': '4_con_rate', 'single_duration': 0.02, 'numerosity': 4}
47.2613 	EXP 	Sound beep reached end of file
47.2727 	EXP 	Sound beep started
47.2986 	EXP 	Sound beep stopped
47.4003 	EXP 	Sound beep reached end of file
47.4005 	EXP 	Sound beep started
47.4283 	EXP 	Sound beep stopped
47.5301 	EXP 	Sound beep reached end of file
47.5411 	EXP 	Sound beep started
47.5683 	EXP 	Sound beep stopped
47.6694 	EXP 	Sound beep reached end of file
47.6841 	EXP 	Sound beep started
47.7182 	EXP 	Sound beep stopped
48.5195 	EXP 	New trial (rep=2, index=4): {'condition': '4_con_duration', 'single_duration': 0.08, 'numerosity': 4}
48.5206 	EXP 	Sound beep reached end of file
48.5299 	EXP 	Sound beep started
48.6183 	EXP 	Sound beep stopped
48.7199 	EXP 	Sound beep reached end of file
48.7339 	EXP 	Sound beep started
48.8183 	EXP 	Sound beep stopped
48.9193 	EXP 	Sound beep reached end of file
48.9338 	EXP 	Sound beep started
49.0185 	EXP 	Sound beep stopped
49.1200 	EXP 	Sound beep reached end of file
49.1338 	EXP 	Sound beep started
49.2184 	EXP 	Sound beep stopped
50.0197 	EXP 	New trial (rep=2, index=5): {'condition': '3_con_rate', 'single_duration': 0.02, 'numerosity': 3}
50.0210 	EXP 	Sound beep reached end of file
50.0300 	EXP 	Sound beep started
50.0584 	EXP 	Sound beep stopped
50.1593 	EXP 	Sound beep reached end of file
50.1688 	EXP 	Sound beep started
50.1883 	EXP 	Sound beep stopped
50.2899 	EXP 	Sound beep reached end of file
50.2933 	EXP 	Sound beep started
50.3185 	EXP 	Sound beep stopped
51.1201 	EXP 	New trial (rep=2, index=6): {'condition': '5_con_rate', 'single_duration': 0.02, 'numerosity': 5}
51.1213 	EXP 	Sound beep reached end of file
51.1283 	EXP 	Sound beep started
51.1483 	EXP 	Sound beep stopped
51.2499 	EXP 	Sound beep reached end of file
51.2518 	EXP 	Sound beep started
51.2784 	EXP 	Sound beep stopped
51.3797 	EXP 	Sound beep reached end of file
51.3905 	EXP 	Sound beep started
51.4183 	EXP 	Sound beep stopped
51.5201 	EXP 	Sound beep reached end of file
51.5334 	EXP 	Sound beep started
51.5687 	EXP 	Sound beep stopped
51.6695 	EXP 	Sound beep reached end of file
51.6840 	EXP 	Sound beep started
51.7185 	EXP 	Sound beep stopped
52.5202 	EXP 	New trial (rep=2, index=7): {'condition': '1_con_rate', 'single_duration': 0.02, 'numerosity': 1}
52.5213 	EXP 	Sound beep reached end of file
52.5298 	EXP 	Sound beep started
52.5385 	EXP 	Sound beep stopped
53.3401 	EXP 	New trial (rep=2, index=8): {'condition': '5_con_duration', 'single_duration': 0.044, 'numerosity': 5}
53.3413 	EXP 	Sound beep reached end of file
53.3478 	EXP 	Sound beep started
53.4084 	EXP 	Sound beep stopped
53.5102 	EXP 	Sound beep reached end of file
53.5167 	EXP 	Sound beep started
53.5683 	EXP 	Sound beep stopped
53.6700 	EXP 	Sound beep reached end of file
53.6837 	EXP 	Sound beep started
53.7385 	EXP 	Sound beep stopped
53.8396 	EXP 	Sound beep reached end of file
53.8505 	EXP 	Sound beep started
53.9083 	EXP 	Sound beep stopped
54.0096 	EXP 	Sound beep reached end of file
54.0167 	EXP 	Sound beep started
54.0684 	EXP 	Sound beep stopped
54.8696 	EXP 	New trial (rep=2, index=9): {'condition': '1_con_duration', 'single_duration': 0.62, 'numerosity': 1}
54.8708 	EXP 	Sound beep reached end of file
54.8796 	EXP 	Sound beep started
55.0487 	DATA 	Keypress: escape
55.1916 	EXP 	window1: mouseVisible = True
55.1968 	WARNING 	Stopping key buffers but this could be dangerous ifother keyboards rely on the same.
