4.2055 	WARNING 	psychopy.parallel has been imported on a Mac (which doesn't have a parallel port?)
10.0494 	EXP 	Created window1 = Window(allowGUI=False, allowStencil=False, autoLog=True, backendConf=UNKNOWN, backgroundFit=<method-wrapper '__getattribute__' of attributeSetter object at 0x7fd8bbfd26d0>, backgroundImage=<method-wrapper '__getattribute__' of attributeSetter object at 0x7fd8bbfd2670>, bitsMode=UNKNOWN, blendMode='avg', bpc=(8, 8, 8), color=array([0, 0, 0]), colorSpace='rgb', depthBits=8, fullscr=<method-wrapper '__getattribute__' of attributeSetter object at 0x7fd8bbfd24c0>, gamma=None, gammaErrorPolicy='raise', infoMsg=UNKNOWN, lms=UNKNOWN, monitor=<psychopy.monitors.calibTools.Monitor object at 0x7fd8da80cf40>, multiSample=False, name='window1', numSamples=2, pos=[360.0, 225.0], screen=0, size=array([2880, 1800]), stencilBits=0, stereo=False, title='PsychoPy', units='pix', useFBO=True, useRetina=True, viewOri=0.0, viewPos=None, viewScale=None, waitBlanking=True, winType='pyglet')
10.0494 	EXP 	window1: backgroundImage = ''
10.0494 	EXP 	window1: backgroundFit = 'none'
10.0510 	EXP 	window1: mouseVisible = False
10.0537 	EXP 	window1: Attempting to measure frame rate of screen (0) ...
10.0538 	EXP 	window1: recordFrameIntervals = False
10.1501 	EXP 	window1: recordFrameIntervals = True
10.1918 	WARNING 	t of last frame was 10.20ms (=1/98)
10.2584 	WARNING 	t of last frame was 10.06ms (=1/99)
10.2919 	WARNING 	t of last frame was 10.31ms (=1/97)
10.3413 	EXP 	Screen (0) actual frame rate measured at 120.90Hz
10.3413 	EXP 	window1: recordFrameIntervals = False
14.9415 	EXP 	window1: mouseVisible = False
15.0067 	EXP 	Created text_welcome = TextStim(__class__=<class 'psychopy.visual.text.TextStim'>, alignHoriz=method-wrapper(...), alignText='center', alignVert=method-wrapper(...), anchorHoriz='center', anchorVert='center', antialias=True, autoDraw=False, autoLog=True, bold=False, color=array([1., 1., 1.]), colorSpace='rgb', contrast=1.0, depth=0.0, draggable=False, flipHoriz=False, flipVert=False, font='Open Sans', fontFiles=[], height=1.0, italic=False, languageStyle='LTR', name='text_welcome', opacity=1.0, ori=0.0, pos=array([0., 0.]), rgb=UNKNOWN, text='When you are ready, press "space".', units='cm', win=Window(...), wrapWidth=15.0)
15.6594 	EXP 	Sound audio set volume 1.000
15.6623 	EXP 	Sound audio set volume 1.000
15.6706 	EXP 	Sound audio set volume 1.000
15.6810 	EXP 	Sound audio set volume 1.000
15.6893 	EXP 	Sound audio set volume 1.000
15.7000 	EXP 	window1: mouseVisible = False
16.9096 	EXP 	window1: mouseVisible = False
16.9405 	EXP 	window1: mouseVisible = False
16.9686 	EXP 	window1: mouseVisible = False
17.0012 	EXP 	window1: mouseVisible = False
17.0312 	EXP 	window1: mouseVisible = False
17.0584 	EXP 	window1: mouseVisible = False
17.0883 	EXP 	window1: mouseVisible = False
17.1156 	EXP 	window1: mouseVisible = False
17.1430 	EXP 	window1: mouseVisible = False
17.1702 	EXP 	window1: mouseVisible = False
17.2124 	EXP 	window1: mouseVisible = False
17.2397 	EXP 	window1: mouseVisible = False
17.2721 	EXP 	window1: mouseVisible = False
17.2994 	EXP 	Created unnamed ImageStim = ImageStim(__class__=<class 'psychopy.visual.image.ImageStim'>, anchor=('center', 'center'), autoLog=True, color=array([1., 1., 1.]), colorSpace='rgb', contrast=1.0, depth=0, draggable=False, flipHoriz=False, flipVert=False, image=str(...), interpolate=False, mask=None, maskParams=None, name='unnamed ImageStim', opacity=1.0, ori=0.0, pos=array([0., 0.]), size=array([385., 400.]), texRes=128, units='pix', win=Window(...))
17.2995 	EXP 	window1: mouseVisible = False
17.3934 	EXP 	Created unnamed ImageStim = ImageStim(__class__=<class 'psychopy.visual.image.ImageStim'>, anchor=('center', 'center'), autoLog=True, color=array([1., 1., 1.]), colorSpace='rgb', contrast=1.0, depth=0, draggable=False, flipHoriz=False, flipVert=False, image=str(...), interpolate=False, mask=None, maskParams=None, name='unnamed ImageStim', opacity=1.0, ori=0.0, pos=array([0., 0.]), size=array([1920., 1080.]), texRes=128, units='pix', win=Window(...))
17.4529 	EXP 	unnamed MovieStim: autoLog = True
17.4529 	EXP 	unnamed MovieStim: autoLog = True
17.4529 	EXP 	unnamed MovieStim: autoLog = True
17.4529 	EXP 	unnamed MovieStim: autoLog = True
17.4529 	EXP 	unnamed MovieStim: autoLog = True
17.4529 	EXP 	unnamed MovieStim: autoLog = True
17.4529 	EXP 	unnamed MovieStim: autoLog = True
17.4529 	EXP 	unnamed MovieStim: autoLog = True
17.4529 	EXP 	unnamed MovieStim: autoLog = True
17.4529 	EXP 	unnamed MovieStim: autoLog = True
17.4529 	EXP 	unnamed MovieStim: autoLog = True
17.4529 	EXP 	unnamed MovieStim: autoLog = True
17.4529 	EXP 	unnamed MovieStim: autoLog = True
17.4529 	EXP 	text_welcome: autoDraw = True
18.9847 	DATA 	Keypress: space
18.9980 	EXP 	Created sequence: random, trialTypes=18, nReps=70, seed=None
19.0009 	EXP 	New trial (rep=0, index=0): {'condition': '1_con_totaldot', 'duration': 0.25, 'numerosity': 1}
19.0011 	EXP 	window1: mouseVisible = False
19.0908 	EXP 	Created unnamed ImageStim = ImageStim(__class__=<class 'psychopy.visual.image.ImageStim'>, anchor=('center', 'center'), autoLog=True, color=array([1., 1., 1.]), colorSpace='rgb', contrast=1.0, depth=0, draggable=False, flipHoriz=False, flipVert=False, image=str(...), interpolate=False, mask=None, maskParams=None, name='unnamed ImageStim', opacity=1.0, ori=0.0, pos=array([0., 0.]), size=array([1920., 1080.]), texRes=128, units='pix', win=Window(...))
19.1032 	EXP 	text_welcome: autoDraw = False
19.1032 	EXP 	unnamed ImageStim: autoDraw = True
19.3510 	EXP 	unnamed ImageStim: autoDraw = False
19.3510 	EXP 	unnamed ImageStim: image = None
19.3510 	EXP 	unnamed ImageStim: autoDraw = True
19.4519 	EXP 	New trial (rep=0, index=1): {'condition': '6_con_totaldot', 'duration': 0.25, 'numerosity': 6}
19.4522 	EXP 	window1: mouseVisible = False
19.5396 	EXP 	Created unnamed ImageStim = ImageStim(__class__=<class 'psychopy.visual.image.ImageStim'>, anchor=('center', 'center'), autoLog=True, color=array([1., 1., 1.]), colorSpace='rgb', contrast=1.0, depth=0, draggable=False, flipHoriz=False, flipVert=False, image=str(...), interpolate=False, mask=None, maskParams=None, name='unnamed ImageStim', opacity=1.0, ori=0.0, pos=array([0., 0.]), size=array([1920., 1080.]), texRes=128, units='pix', win=Window(...))
19.5482 	EXP 	unnamed ImageStim: autoDraw = False
19.5482 	EXP 	unnamed ImageStim: autoDraw = True
19.7986 	EXP 	unnamed ImageStim: autoDraw = False
19.7986 	EXP 	unnamed ImageStim: image = None
19.7986 	EXP 	unnamed ImageStim: autoDraw = True
19.8993 	EXP 	New trial (rep=0, index=2): {'condition': '6_con_singledot', 'duration': 0.25, 'numerosity': 6}
19.8996 	EXP 	window1: mouseVisible = False
19.9846 	EXP 	Created unnamed ImageStim = ImageStim(__class__=<class 'psychopy.visual.image.ImageStim'>, anchor=('center', 'center'), autoLog=True, color=array([1., 1., 1.]), colorSpace='rgb', contrast=1.0, depth=0, draggable=False, flipHoriz=False, flipVert=False, image=str(...), interpolate=False, mask=None, maskParams=None, name='unnamed ImageStim', opacity=1.0, ori=0.0, pos=array([0., 0.]), size=array([1920., 1080.]), texRes=128, units='pix', win=Window(...))
19.9937 	EXP 	unnamed ImageStim: autoDraw = False
19.9937 	EXP 	unnamed ImageStim: autoDraw = True
20.2411 	EXP 	unnamed ImageStim: autoDraw = False
20.2411 	EXP 	unnamed ImageStim: image = None
20.2411 	EXP 	unnamed ImageStim: autoDraw = True
20.3418 	EXP 	New trial (rep=0, index=3): {'condition': '2_con_circum', 'duration': 0.25, 'numerosity': 2}
20.3421 	EXP 	window1: mouseVisible = False
20.4199 	EXP 	Created unnamed ImageStim = ImageStim(__class__=<class 'psychopy.visual.image.ImageStim'>, anchor=('center', 'center'), autoLog=True, color=array([1., 1., 1.]), colorSpace='rgb', contrast=1.0, depth=0, draggable=False, flipHoriz=False, flipVert=False, image=str(...), interpolate=False, mask=None, maskParams=None, name='unnamed ImageStim', opacity=1.0, ori=0.0, pos=array([0., 0.]), size=array([1920., 1080.]), texRes=128, units='pix', win=Window(...))
20.4285 	EXP 	unnamed ImageStim: autoDraw = False
20.4285 	EXP 	unnamed ImageStim: autoDraw = True
20.6755 	EXP 	unnamed ImageStim: autoDraw = False
20.6755 	EXP 	unnamed ImageStim: image = None
20.6755 	EXP 	unnamed ImageStim: autoDraw = True
20.7762 	EXP 	New trial (rep=0, index=4): {'condition': '3_con_circum', 'duration': 0.25, 'numerosity': 3}
20.7765 	EXP 	window1: mouseVisible = False
20.8521 	EXP 	Created unnamed ImageStim = ImageStim(__class__=<class 'psychopy.visual.image.ImageStim'>, anchor=('center', 'center'), autoLog=True, color=array([1., 1., 1.]), colorSpace='rgb', contrast=1.0, depth=0, draggable=False, flipHoriz=False, flipVert=False, image=str(...), interpolate=False, mask=None, maskParams=None, name='unnamed ImageStim', opacity=1.0, ori=0.0, pos=array([0., 0.]), size=array([1920., 1080.]), texRes=128, units='pix', win=Window(...))
20.8611 	EXP 	unnamed ImageStim: autoDraw = False
20.8611 	EXP 	unnamed ImageStim: autoDraw = True
21.1132 	EXP 	unnamed ImageStim: autoDraw = False
21.1132 	EXP 	unnamed ImageStim: image = None
21.1132 	EXP 	unnamed ImageStim: autoDraw = True
21.2141 	EXP 	New trial (rep=0, index=5): {'condition': '3_con_totaldot', 'duration': 0.25, 'numerosity': 3}
21.2145 	EXP 	window1: mouseVisible = False
21.2912 	EXP 	Created unnamed ImageStim = ImageStim(__class__=<class 'psychopy.visual.image.ImageStim'>, anchor=('center', 'center'), autoLog=True, color=array([1., 1., 1.]), colorSpace='rgb', contrast=1.0, depth=0, draggable=False, flipHoriz=False, flipVert=False, image=str(...), interpolate=False, mask=None, maskParams=None, name='unnamed ImageStim', opacity=1.0, ori=0.0, pos=array([0., 0.]), size=array([1920., 1080.]), texRes=128, units='pix', win=Window(...))
21.3000 	EXP 	unnamed ImageStim: autoDraw = False
21.3000 	EXP 	unnamed ImageStim: autoDraw = True
21.5513 	EXP 	unnamed ImageStim: autoDraw = False
21.5513 	EXP 	unnamed ImageStim: image = None
21.5513 	EXP 	unnamed ImageStim: autoDraw = True
21.6519 	EXP 	New trial (rep=0, index=6): {'condition': '4_con_totaldot', 'duration': 0.25, 'numerosity': 4}
21.6522 	EXP 	window1: mouseVisible = False
21.7299 	EXP 	Created unnamed ImageStim = ImageStim(__class__=<class 'psychopy.visual.image.ImageStim'>, anchor=('center', 'center'), autoLog=True, color=array([1., 1., 1.]), colorSpace='rgb', contrast=1.0, depth=0, draggable=False, flipHoriz=False, flipVert=False, image=str(...), interpolate=False, mask=None, maskParams=None, name='unnamed ImageStim', opacity=1.0, ori=0.0, pos=array([0., 0.]), size=array([1920., 1080.]), texRes=128, units='pix', win=Window(...))
21.7383 	EXP 	unnamed ImageStim: autoDraw = False
21.7383 	EXP 	unnamed ImageStim: autoDraw = True
21.9921 	EXP 	unnamed ImageStim: autoDraw = False
21.9921 	EXP 	unnamed ImageStim: image = None
21.9921 	EXP 	unnamed ImageStim: autoDraw = True
22.0928 	EXP 	New trial (rep=0, index=7): {'condition': '2_con_totaldot', 'duration': 0.25, 'numerosity': 2}
22.0931 	EXP 	window1: mouseVisible = False
22.1754 	EXP 	Created unnamed ImageStim = ImageStim(__class__=<class 'psychopy.visual.image.ImageStim'>, anchor=('center', 'center'), autoLog=True, color=array([1., 1., 1.]), colorSpace='rgb', contrast=1.0, depth=0, draggable=False, flipHoriz=False, flipVert=False, image=str(...), interpolate=False, mask=None, maskParams=None, name='unnamed ImageStim', opacity=1.0, ori=0.0, pos=array([0., 0.]), size=array([1920., 1080.]), texRes=128, units='pix', win=Window(...))
22.1847 	EXP 	unnamed ImageStim: autoDraw = False
22.1847 	EXP 	unnamed ImageStim: autoDraw = True
22.4326 	EXP 	unnamed ImageStim: autoDraw = False
22.4326 	EXP 	unnamed ImageStim: image = None
22.4326 	EXP 	unnamed ImageStim: autoDraw = True
22.5346 	EXP 	New trial (rep=0, index=8): {'condition': '6_con_circum', 'duration': 0.25, 'numerosity': 6}
22.5358 	EXP 	window1: mouseVisible = False
22.6581 	EXP 	Created unnamed ImageStim = ImageStim(__class__=<class 'psychopy.visual.image.ImageStim'>, anchor=('center', 'center'), autoLog=True, color=array([1., 1., 1.]), colorSpace='rgb', contrast=1.0, depth=0, draggable=False, flipHoriz=False, flipVert=False, image=str(...), interpolate=False, mask=None, maskParams=None, name='unnamed ImageStim', opacity=1.0, ori=0.0, pos=array([0., 0.]), size=array([1920., 1080.]), texRes=128, units='pix', win=Window(...))
22.6701 	EXP 	unnamed ImageStim: autoDraw = False
22.6701 	EXP 	unnamed ImageStim: autoDraw = True
22.9423 	EXP 	unnamed ImageStim: autoDraw = False
22.9423 	EXP 	unnamed ImageStim: image = None
22.9423 	EXP 	unnamed ImageStim: autoDraw = True
23.0436 	EXP 	New trial (rep=0, index=9): {'condition': '3_con_singledot', 'duration': 0.25, 'numerosity': 3}
23.0441 	EXP 	window1: mouseVisible = False
23.1475 	EXP 	Created unnamed ImageStim = ImageStim(__class__=<class 'psychopy.visual.image.ImageStim'>, anchor=('center', 'center'), autoLog=True, color=array([1., 1., 1.]), colorSpace='rgb', contrast=1.0, depth=0, draggable=False, flipHoriz=False, flipVert=False, image=str(...), interpolate=False, mask=None, maskParams=None, name='unnamed ImageStim', opacity=1.0, ori=0.0, pos=array([0., 0.]), size=array([1920., 1080.]), texRes=128, units='pix', win=Window(...))
23.1570 	EXP 	unnamed ImageStim: autoDraw = False
23.1570 	EXP 	unnamed ImageStim: autoDraw = True
23.3998 	EXP 	unnamed ImageStim: autoDraw = False
23.3998 	EXP 	unnamed ImageStim: image = None
23.3998 	EXP 	unnamed ImageStim: autoDraw = True
23.5008 	EXP 	New trial (rep=0, index=10): {'condition': '5_con_singledot', 'duration': 0.25, 'numerosity': 5}
23.5013 	EXP 	window1: mouseVisible = False
23.5767 	EXP 	Created unnamed ImageStim = ImageStim(__class__=<class 'psychopy.visual.image.ImageStim'>, anchor=('center', 'center'), autoLog=True, color=array([1., 1., 1.]), colorSpace='rgb', contrast=1.0, depth=0, draggable=False, flipHoriz=False, flipVert=False, image=str(...), interpolate=False, mask=None, maskParams=None, name='unnamed ImageStim', opacity=1.0, ori=0.0, pos=array([0., 0.]), size=array([1920., 1080.]), texRes=128, units='pix', win=Window(...))
23.5868 	EXP 	unnamed ImageStim: autoDraw = False
23.5868 	EXP 	unnamed ImageStim: autoDraw = True
23.8492 	EXP 	unnamed ImageStim: autoDraw = False
23.8492 	EXP 	unnamed ImageStim: image = None
23.8492 	EXP 	unnamed ImageStim: autoDraw = True
23.9507 	EXP 	New trial (rep=0, index=11): {'condition': '4_con_circum', 'duration': 0.25, 'numerosity': 4}
23.9512 	EXP 	window1: mouseVisible = False
24.0660 	EXP 	Created unnamed ImageStim = ImageStim(__class__=<class 'psychopy.visual.image.ImageStim'>, anchor=('center', 'center'), autoLog=True, color=array([1., 1., 1.]), colorSpace='rgb', contrast=1.0, depth=0, draggable=False, flipHoriz=False, flipVert=False, image=str(...), interpolate=False, mask=None, maskParams=None, name='unnamed ImageStim', opacity=1.0, ori=0.0, pos=array([0., 0.]), size=array([1920., 1080.]), texRes=128, units='pix', win=Window(...))
24.0771 	EXP 	unnamed ImageStim: autoDraw = False
24.0771 	EXP 	unnamed ImageStim: autoDraw = True
24.3260 	EXP 	unnamed ImageStim: autoDraw = False
24.3260 	EXP 	unnamed ImageStim: image = None
24.3260 	EXP 	unnamed ImageStim: autoDraw = True
24.4266 	EXP 	New trial (rep=0, index=12): {'condition': '5_con_circum', 'duration': 0.25, 'numerosity': 5}
24.4269 	EXP 	window1: mouseVisible = False
24.5150 	EXP 	Created unnamed ImageStim = ImageStim(__class__=<class 'psychopy.visual.image.ImageStim'>, anchor=('center', 'center'), autoLog=True, color=array([1., 1., 1.]), colorSpace='rgb', contrast=1.0, depth=0, draggable=False, flipHoriz=False, flipVert=False, image=str(...), interpolate=False, mask=None, maskParams=None, name='unnamed ImageStim', opacity=1.0, ori=0.0, pos=array([0., 0.]), size=array([1920., 1080.]), texRes=128, units='pix', win=Window(...))
24.5261 	EXP 	unnamed ImageStim: autoDraw = False
24.5261 	EXP 	unnamed ImageStim: autoDraw = True
24.7665 	EXP 	unnamed ImageStim: autoDraw = False
24.7665 	EXP 	unnamed ImageStim: image = None
24.7665 	EXP 	unnamed ImageStim: autoDraw = True
24.8675 	EXP 	New trial (rep=0, index=13): {'condition': '4_con_singledot', 'duration': 0.25, 'numerosity': 4}
24.8679 	EXP 	window1: mouseVisible = False
24.9590 	EXP 	Created unnamed ImageStim = ImageStim(__class__=<class 'psychopy.visual.image.ImageStim'>, anchor=('center', 'center'), autoLog=True, color=array([1., 1., 1.]), colorSpace='rgb', contrast=1.0, depth=0, draggable=False, flipHoriz=False, flipVert=False, image=str(...), interpolate=False, mask=None, maskParams=None, name='unnamed ImageStim', opacity=1.0, ori=0.0, pos=array([0., 0.]), size=array([1920., 1080.]), texRes=128, units='pix', win=Window(...))
24.9682 	EXP 	unnamed ImageStim: autoDraw = False
24.9682 	EXP 	unnamed ImageStim: autoDraw = True
25.2155 	EXP 	unnamed ImageStim: autoDraw = False
25.2155 	EXP 	unnamed ImageStim: image = None
25.2155 	EXP 	unnamed ImageStim: autoDraw = True
25.3162 	EXP 	New trial (rep=0, index=14): {'condition': '1_con_circum', 'duration': 0.25, 'numerosity': 1}
25.3165 	EXP 	window1: mouseVisible = False
25.3916 	EXP 	Created unnamed ImageStim = ImageStim(__class__=<class 'psychopy.visual.image.ImageStim'>, anchor=('center', 'center'), autoLog=True, color=array([1., 1., 1.]), colorSpace='rgb', contrast=1.0, depth=0, draggable=False, flipHoriz=False, flipVert=False, image=str(...), interpolate=False, mask=None, maskParams=None, name='unnamed ImageStim', opacity=1.0, ori=0.0, pos=array([0., 0.]), size=array([1920., 1080.]), texRes=128, units='pix', win=Window(...))
25.4000 	EXP 	unnamed ImageStim: autoDraw = False
25.4000 	EXP 	unnamed ImageStim: autoDraw = True
25.6490 	EXP 	unnamed ImageStim: autoDraw = False
25.6490 	EXP 	unnamed ImageStim: image = None
25.6490 	EXP 	unnamed ImageStim: autoDraw = True
25.7496 	EXP 	New trial (rep=0, index=15): {'condition': '2_con_singledot', 'duration': 0.25, 'numerosity': 2}
25.7499 	EXP 	window1: mouseVisible = False
25.8310 	EXP 	Created unnamed ImageStim = ImageStim(__class__=<class 'psychopy.visual.image.ImageStim'>, anchor=('center', 'center'), autoLog=True, color=array([1., 1., 1.]), colorSpace='rgb', contrast=1.0, depth=0, draggable=False, flipHoriz=False, flipVert=False, image=str(...), interpolate=False, mask=None, maskParams=None, name='unnamed ImageStim', opacity=1.0, ori=0.0, pos=array([0., 0.]), size=array([1920., 1080.]), texRes=128, units='pix', win=Window(...))
25.8394 	EXP 	unnamed ImageStim: autoDraw = False
25.8394 	EXP 	unnamed ImageStim: autoDraw = True
26.0832 	EXP 	unnamed ImageStim: autoDraw = False
26.0832 	EXP 	unnamed ImageStim: image = None
26.0832 	EXP 	unnamed ImageStim: autoDraw = True
26.1839 	EXP 	New trial (rep=0, index=16): {'condition': '5_con_totaldot', 'duration': 0.25, 'numerosity': 5}
26.1843 	EXP 	window1: mouseVisible = False
26.2589 	EXP 	Created unnamed ImageStim = ImageStim(__class__=<class 'psychopy.visual.image.ImageStim'>, anchor=('center', 'center'), autoLog=True, color=array([1., 1., 1.]), colorSpace='rgb', contrast=1.0, depth=0, draggable=False, flipHoriz=False, flipVert=False, image=str(...), interpolate=False, mask=None, maskParams=None, name='unnamed ImageStim', opacity=1.0, ori=0.0, pos=array([0., 0.]), size=array([1920., 1080.]), texRes=128, units='pix', win=Window(...))
26.2680 	EXP 	unnamed ImageStim: autoDraw = False
26.2680 	EXP 	unnamed ImageStim: autoDraw = True
26.5155 	EXP 	unnamed ImageStim: autoDraw = False
26.5155 	EXP 	unnamed ImageStim: image = None
26.5155 	EXP 	unnamed ImageStim: autoDraw = True
26.6161 	EXP 	New trial (rep=0, index=17): {'condition': '1_con_singledot', 'duration': 0.25, 'numerosity': 1}
26.6164 	EXP 	window1: mouseVisible = False
26.6946 	EXP 	Created unnamed ImageStim = ImageStim(__class__=<class 'psychopy.visual.image.ImageStim'>, anchor=('center', 'center'), autoLog=True, color=array([1., 1., 1.]), colorSpace='rgb', contrast=1.0, depth=0, draggable=False, flipHoriz=False, flipVert=False, image=str(...), interpolate=False, mask=None, maskParams=None, name='unnamed ImageStim', opacity=1.0, ori=0.0, pos=array([0., 0.]), size=array([1920., 1080.]), texRes=128, units='pix', win=Window(...))
26.7031 	EXP 	unnamed ImageStim: autoDraw = False
26.7031 	EXP 	unnamed ImageStim: autoDraw = True
26.9490 	EXP 	unnamed ImageStim: autoDraw = False
26.9490 	EXP 	unnamed ImageStim: image = None
26.9490 	EXP 	unnamed ImageStim: autoDraw = True
27.3646 	EXP 	Sound audio started
27.3820 	EXP 	unnamed ImageStim: autoDraw = False
28.0666 	EXP 	Sound audio stopped
28.9108 	EXP 	New trial (rep=1, index=0): {'condition': '4_con_totaldot', 'duration': 0.25, 'numerosity': 4}
28.9112 	EXP 	window1: mouseVisible = False
28.9905 	EXP 	Created unnamed ImageStim = ImageStim(__class__=<class 'psychopy.visual.image.ImageStim'>, anchor=('center', 'center'), autoLog=True, color=array([1., 1., 1.]), colorSpace='rgb', contrast=1.0, depth=0, draggable=False, flipHoriz=False, flipVert=False, image=str(...), interpolate=False, mask=None, maskParams=None, name='unnamed ImageStim', opacity=1.0, ori=0.0, pos=array([0., 0.]), size=array([1920., 1080.]), texRes=128, units='pix', win=Window(...))
28.9996 	EXP 	unnamed ImageStim: autoDraw = True
29.2439 	EXP 	unnamed ImageStim: autoDraw = False
29.2439 	EXP 	unnamed ImageStim: image = None
29.2439 	EXP 	unnamed ImageStim: autoDraw = True
29.3449 	EXP 	New trial (rep=1, index=1): {'condition': '6_con_totaldot', 'duration': 0.25, 'numerosity': 6}
29.3452 	EXP 	window1: mouseVisible = False
29.4300 	EXP 	Created unnamed ImageStim = ImageStim(__class__=<class 'psychopy.visual.image.ImageStim'>, anchor=('center', 'center'), autoLog=True, color=array([1., 1., 1.]), colorSpace='rgb', contrast=1.0, depth=0, draggable=False, flipHoriz=False, flipVert=False, image=str(...), interpolate=False, mask=None, maskParams=None, name='unnamed ImageStim', opacity=1.0, ori=0.0, pos=array([0., 0.]), size=array([1920., 1080.]), texRes=128, units='pix', win=Window(...))
29.4398 	EXP 	unnamed ImageStim: autoDraw = False
29.4398 	EXP 	unnamed ImageStim: autoDraw = True
29.6852 	EXP 	unnamed ImageStim: autoDraw = False
29.6852 	EXP 	unnamed ImageStim: image = None
29.6852 	EXP 	unnamed ImageStim: autoDraw = True
29.7863 	EXP 	New trial (rep=1, index=2): {'condition': '2_con_singledot', 'duration': 0.25, 'numerosity': 2}
29.7867 	EXP 	window1: mouseVisible = False
29.9342 	EXP 	Created unnamed ImageStim = ImageStim(__class__=<class 'psychopy.visual.image.ImageStim'>, anchor=('center', 'center'), autoLog=True, color=array([1., 1., 1.]), colorSpace='rgb', contrast=1.0, depth=0, draggable=False, flipHoriz=False, flipVert=False, image=str(...), interpolate=False, mask=None, maskParams=None, name='unnamed ImageStim', opacity=1.0, ori=0.0, pos=array([0., 0.]), size=array([1920., 1080.]), texRes=128, units='pix', win=Window(...))
29.9447 	EXP 	unnamed ImageStim: autoDraw = False
29.9447 	EXP 	unnamed ImageStim: autoDraw = True
30.1878 	EXP 	unnamed ImageStim: autoDraw = False
30.1878 	EXP 	unnamed ImageStim: image = None
30.1878 	EXP 	unnamed ImageStim: autoDraw = True
30.2894 	EXP 	New trial (rep=1, index=3): {'condition': '4_con_circum', 'duration': 0.25, 'numerosity': 4}
30.2902 	EXP 	window1: mouseVisible = False
30.4984 	EXP 	Created unnamed ImageStim = ImageStim(__class__=<class 'psychopy.visual.image.ImageStim'>, anchor=('center', 'center'), autoLog=True, color=array([1., 1., 1.]), colorSpace='rgb', contrast=1.0, depth=0, draggable=False, flipHoriz=False, flipVert=False, image=str(...), interpolate=False, mask=None, maskParams=None, name='unnamed ImageStim', opacity=1.0, ori=0.0, pos=array([0., 0.]), size=array([1920., 1080.]), texRes=128, units='pix', win=Window(...))
30.5104 	EXP 	unnamed ImageStim: autoDraw = False
30.5104 	EXP 	unnamed ImageStim: autoDraw = True
30.7600 	EXP 	unnamed ImageStim: autoDraw = False
30.7600 	EXP 	unnamed ImageStim: image = None
30.7600 	EXP 	unnamed ImageStim: autoDraw = True
30.8617 	EXP 	New trial (rep=1, index=4): {'condition': '6_con_circum', 'duration': 0.25, 'numerosity': 6}
30.8625 	EXP 	window1: mouseVisible = False
30.9765 	EXP 	Created unnamed ImageStim = ImageStim(__class__=<class 'psychopy.visual.image.ImageStim'>, anchor=('center', 'center'), autoLog=True, color=array([1., 1., 1.]), colorSpace='rgb', contrast=1.0, depth=0, draggable=False, flipHoriz=False, flipVert=False, image=str(...), interpolate=False, mask=None, maskParams=None, name='unnamed ImageStim', opacity=1.0, ori=0.0, pos=array([0., 0.]), size=array([1920., 1080.]), texRes=128, units='pix', win=Window(...))
30.9859 	EXP 	unnamed ImageStim: autoDraw = False
30.9859 	EXP 	unnamed ImageStim: autoDraw = True
31.2329 	EXP 	unnamed ImageStim: autoDraw = False
31.2329 	EXP 	unnamed ImageStim: image = None
31.2329 	EXP 	unnamed ImageStim: autoDraw = True
31.3337 	EXP 	New trial (rep=1, index=5): {'condition': '5_con_totaldot', 'duration': 0.25, 'numerosity': 5}
31.3340 	EXP 	window1: mouseVisible = False
31.4568 	EXP 	Created unnamed ImageStim = ImageStim(__class__=<class 'psychopy.visual.image.ImageStim'>, anchor=('center', 'center'), autoLog=True, color=array([1., 1., 1.]), colorSpace='rgb', contrast=1.0, depth=0, draggable=False, flipHoriz=False, flipVert=False, image=str(...), interpolate=False, mask=None, maskParams=None, name='unnamed ImageStim', opacity=1.0, ori=0.0, pos=array([0., 0.]), size=array([1920., 1080.]), texRes=128, units='pix', win=Window(...))
31.4694 	EXP 	unnamed ImageStim: autoDraw = False
31.4694 	EXP 	unnamed ImageStim: autoDraw = True
31.7927 	DATA 	Keypress: escape
31.8104 	EXP 	unnamed ImageStim: autoDraw = False
31.8104 	EXP 	unnamed ImageStim: image = None
31.8104 	EXP 	unnamed ImageStim: autoDraw = True
32.1280 	EXP 	window1: mouseVisible = True
32.1692 	WARNING 	Stopping key buffers but this could be dangerous ifother keyboards rely on the same.
