4.7348 	WARNING 	psychopy.parallel has been imported on a Mac (which doesn't have a parallel port?)
11.6000 	WARNING 	User requested fullscreen with size [1920 1080], but screen is actually [1440, 900]. Using actual size
12.5763 	EXP 	Created window1 = Window(allowGUI=False, allowStencil=False, autoLog=True, backendConf=UNKNOWN, backgroundFit=<method-wrapper '__getattribute__' of attributeSetter object at 0x7f7fcadab400>, backgroundImage=<method-wrapper '__getattribute__' of attributeSetter object at 0x7f7fcadab3a0>, bitsMode=UNKNOWN, blendMode='avg', bpc=(8, 8, 8), color=array([0, 0, 0]), colorSpace='rgb', depthBits=8, fullscr=<method-wrapper '__getattribute__' of attributeSetter object at 0x7f7fcadab1f0>, gamma=None, gammaErrorPolicy='raise', infoMsg=UNKNOWN, lms=UNKNOWN, monitor=<psychopy.monitors.calibTools.Monitor object at 0x7f7fd9209c10>, multiSample=False, name='window1', numSamples=2, pos=[360.0, 225.0], screen=0, size=array([2880, 1800]), stencilBits=0, stereo=False, title='PsychoPy', units='pix', useFBO=True, useRetina=True, viewOri=0.0, viewPos=None, viewScale=None, waitBlanking=True, winType='pyglet')
12.5764 	EXP 	window1: backgroundImage = ''
12.5764 	EXP 	window1: backgroundFit = 'none'
12.5783 	EXP 	window1: mouseVisible = False
12.5806 	EXP 	window1: Attempting to measure frame rate of screen (0) ...
12.5807 	EXP 	window1: recordFrameIntervals = False
12.6695 	EXP 	window1: recordFrameIntervals = True
12.6889 	WARNING 	t of last frame was 12.82ms (=1/78)
12.7031 	WARNING 	t of last frame was 14.12ms (=1/70)
12.8198 	WARNING 	t of last frame was 10.58ms (=1/94)
12.9196 	WARNING 	t of last frame was 25.75ms (=1/38)
12.9365 	WARNING 	Multiple dropped frames have occurred - I'll stop bothering you about them!
13.1283 	EXP 	Screen (0) actual frame rate measured at 117.65Hz
13.1283 	EXP 	window1: recordFrameIntervals = False
17.9127 	EXP 	window1: mouseVisible = False
18.0863 	EXP 	Created text_welcome = TextStim(__class__=<class 'psychopy.visual.text.TextStim'>, alignHoriz=method-wrapper(...), alignText='center', alignVert=method-wrapper(...), anchorHoriz='center', anchorVert='center', antialias=True, autoDraw=False, autoLog=True, bold=False, color=array([1., 1., 1.]), colorSpace='rgb', contrast=1.0, depth=0.0, draggable=False, flipHoriz=False, flipVert=False, font='Open Sans', fontFiles=[], height=1.0, italic=False, languageStyle='LTR', name='text_welcome', opacity=1.0, ori=0.0, pos=array([0., 0.]), rgb=UNKNOWN, text='When you are ready, press "space".', units='cm', win=Window(...), wrapWidth=15.0)
18.0868 	EXP 	window1: mouseVisible = False
18.0994 	EXP 	Created line_diagonal_1 = Line(__class__=<class 'psychopy.visual.line.Line'>, anchor=('center', 'center'), autoDraw=False, autoLog=True, closeShape=False, color=array([1., 0., 0.]), colorSpace='rgb', contrast=None, depth=0.0, draggable=False, fillColor=array([0, 0, 0]), fillColorSpace='rgb', fillRGB=array([0, 0, 0]), interpolate=True, lineColor=array([1., 0., 0.]), lineColorSpace='rgb', lineRGB=array([250,   0,   0]), lineWidth=1.5, name='line_diagonal_1', opacity=0.5, ori=0.0, pos=array([0., 0.]), size=array([1., 1.]), units='norm', vertices=ndarray(...), win=Window(...), windingRule=None)
18.0998 	EXP 	window1: mouseVisible = False
18.1066 	EXP 	Created line_diagonal_2 = Line(__class__=<class 'psychopy.visual.line.Line'>, anchor=('center', 'center'), autoDraw=False, autoLog=True, closeShape=False, color=array([1., 0., 0.]), colorSpace='rgb', contrast=None, depth=0.0, draggable=False, fillColor=array([0, 0, 0]), fillColorSpace='rgb', fillRGB=array([0, 0, 0]), interpolate=True, lineColor=array([1., 0., 0.]), lineColorSpace='rgb', lineRGB=array([250,   0,   0]), lineWidth=1.5, name='line_diagonal_2', opacity=0.5, ori=0.0, pos=array([0., 0.]), size=array([1., 1.]), units='norm', vertices=ndarray(...), win=Window(...), windingRule=None)
18.7921 	EXP 	Sound beep set volume 1.000
18.8015 	EXP 	Sound audio set volume 1.000
18.8304 	EXP 	Sound audio set volume 1.000
18.8470 	EXP 	Sound audio set volume 1.000
18.8602 	EXP 	Sound audio set volume 1.000
18.8782 	EXP 	Sound audio set volume 1.000
18.9076 	EXP 	window1: mouseVisible = False
20.3320 	EXP 	window1: mouseVisible = False
20.3763 	EXP 	window1: mouseVisible = False
20.4381 	EXP 	window1: mouseVisible = False
20.4824 	EXP 	window1: mouseVisible = False
20.5256 	EXP 	window1: mouseVisible = False
20.5780 	EXP 	window1: mouseVisible = False
20.6179 	EXP 	window1: mouseVisible = False
20.6660 	EXP 	window1: mouseVisible = False
20.7205 	EXP 	window1: mouseVisible = False
20.7642 	EXP 	window1: mouseVisible = False
20.8083 	EXP 	window1: mouseVisible = False
20.8597 	EXP 	window1: mouseVisible = False
20.9885 	EXP 	unnamed MovieStim: autoLog = True
20.9885 	EXP 	unnamed MovieStim: autoLog = True
20.9885 	EXP 	unnamed MovieStim: autoLog = True
20.9885 	EXP 	unnamed MovieStim: autoLog = True
20.9885 	EXP 	unnamed MovieStim: autoLog = True
20.9885 	EXP 	unnamed MovieStim: autoLog = True
20.9885 	EXP 	unnamed MovieStim: autoLog = True
20.9885 	EXP 	unnamed MovieStim: autoLog = True
20.9885 	EXP 	unnamed MovieStim: autoLog = True
20.9885 	EXP 	unnamed MovieStim: autoLog = True
20.9885 	EXP 	unnamed MovieStim: autoLog = True
20.9885 	EXP 	unnamed MovieStim: autoLog = True
20.9885 	EXP 	unnamed MovieStim: autoLog = True
20.9885 	EXP 	text_welcome: autoDraw = True
24.4998 	DATA 	Keypress: space
24.5147 	EXP 	Created sequence: random, trialTypes=12, nReps=5, seed=None
24.5156 	EXP 	New trial (rep=0, index=0): {'condition': '4_con_duration', 'single_duration': 0.08, 'numerosity': 4}
24.5247 	EXP 	Sound beep started
24.5262 	EXP 	text_welcome: autoDraw = False
24.5912 	EXP 	Sound beep stopped
24.6959 	EXP 	Sound beep started
24.7769 	EXP 	Sound beep stopped
24.8791 	EXP 	Sound beep started
24.9589 	EXP 	Sound beep stopped
25.0617 	EXP 	Sound beep started
25.1417 	EXP 	Sound beep stopped
25.9422 	EXP 	New trial (rep=0, index=1): {'condition': '1_con_duration', 'single_duration': 0.62, 'numerosity': 1}
25.9473 	EXP 	Sound beep started
26.5671 	EXP 	Sound beep stopped
27.3675 	EXP 	New trial (rep=0, index=2): {'condition': '2_con_duration', 'single_duration': 0.26, 'numerosity': 2}
27.3715 	EXP 	Sound beep started
27.6310 	EXP 	Sound beep stopped
27.7339 	EXP 	Sound beep started
27.9926 	EXP 	Sound beep stopped
28.7931 	EXP 	New trial (rep=0, index=3): {'condition': '1_con_rate', 'single_duration': 0.02, 'numerosity': 1}
28.7977 	EXP 	Sound beep started
28.8253 	EXP 	Sound beep stopped
29.6258 	EXP 	New trial (rep=0, index=4): {'condition': '3_con_rate', 'single_duration': 0.02, 'numerosity': 3}
29.6306 	EXP 	Sound beep started
29.6498 	EXP 	Sound beep stopped
29.7527 	EXP 	Sound beep started
29.7716 	EXP 	Sound beep stopped
29.8751 	EXP 	Sound beep started
29.8942 	EXP 	Sound beep stopped
30.6945 	EXP 	New trial (rep=0, index=5): {'condition': '6_con_duration', 'single_duration': 0.02, 'numerosity': 6}
30.6999 	EXP 	Sound beep started
30.7254 	EXP 	Sound beep stopped
30.8285 	EXP 	Sound beep started
30.8486 	EXP 	Sound beep stopped
30.9517 	EXP 	Sound beep started
30.9711 	EXP 	Sound beep stopped
31.0740 	EXP 	Sound beep started
31.0952 	EXP 	Sound beep stopped
31.1982 	EXP 	Sound beep started
31.2250 	EXP 	Sound beep stopped
31.3285 	EXP 	Sound beep started
31.3479 	EXP 	Sound beep stopped
32.1485 	EXP 	New trial (rep=0, index=6): {'condition': '6_con_rate', 'single_duration': 0.02, 'numerosity': 6}
32.1531 	EXP 	Sound beep started
32.1727 	EXP 	Sound beep stopped
32.2756 	EXP 	Sound beep started
32.2962 	EXP 	Sound beep stopped
32.3993 	EXP 	Sound beep started
32.4254 	EXP 	Sound beep stopped
32.5281 	EXP 	Sound beep started
32.5482 	EXP 	Sound beep stopped
32.6515 	EXP 	Sound beep started
32.6731 	EXP 	Sound beep stopped
32.7766 	EXP 	Sound beep started
32.7969 	EXP 	Sound beep stopped
33.5973 	EXP 	New trial (rep=0, index=7): {'condition': '4_con_rate', 'single_duration': 0.02, 'numerosity': 4}
33.6022 	EXP 	Sound beep started
33.6254 	EXP 	Sound beep stopped
33.7286 	EXP 	Sound beep started
33.7483 	EXP 	Sound beep stopped
33.8513 	EXP 	Sound beep started
33.8708 	EXP 	Sound beep stopped
33.9738 	EXP 	Sound beep started
33.9943 	EXP 	Sound beep stopped
34.7948 	EXP 	New trial (rep=0, index=8): {'condition': '5_con_duration', 'single_duration': 0.044, 'numerosity': 5}
34.7995 	EXP 	Sound beep started
34.8423 	EXP 	Sound beep stopped
34.9453 	EXP 	Sound beep started
34.9918 	EXP 	Sound beep stopped
35.0953 	EXP 	Sound beep started
35.1423 	EXP 	Sound beep stopped
35.2452 	EXP 	Sound beep started
35.2918 	EXP 	Sound beep stopped
35.3952 	EXP 	Sound beep started
35.4423 	EXP 	Sound beep stopped
36.2427 	EXP 	New trial (rep=0, index=9): {'condition': '2_con_rate', 'single_duration': 0.02, 'numerosity': 2}
36.2474 	EXP 	Sound beep started
36.2661 	EXP 	Sound beep stopped
36.3693 	EXP 	Sound beep started
36.3912 	EXP 	Sound beep stopped
37.1919 	EXP 	New trial (rep=0, index=10): {'condition': '3_con_duration', 'single_duration': 0.14, 'numerosity': 3}
37.1962 	EXP 	Sound beep started
37.3420 	EXP 	Sound beep stopped
37.4454 	EXP 	Sound beep started
37.5924 	EXP 	Sound beep stopped
37.6958 	EXP 	Sound beep started
37.8427 	EXP 	Sound beep stopped
38.6432 	EXP 	New trial (rep=0, index=11): {'condition': '5_con_rate', 'single_duration': 0.02, 'numerosity': 5}
38.6478 	EXP 	Sound beep started
38.6757 	EXP 	Sound beep stopped
38.7788 	EXP 	Sound beep started
38.7992 	EXP 	Sound beep stopped
38.9022 	EXP 	Sound beep started
38.9221 	EXP 	Sound beep stopped
39.0251 	EXP 	Sound beep started
39.0452 	EXP 	Sound beep stopped
39.1483 	EXP 	Sound beep started
39.1753 	EXP 	Sound beep stopped
40.2985 	EXP 	Sound audio started
40.9920 	EXP 	Sound audio stopped
41.8023 	EXP 	New trial (rep=1, index=0): {'condition': '5_con_rate', 'single_duration': 0.02, 'numerosity': 5}
41.8046 	EXP 	Sound beep started
41.8244 	EXP 	Sound beep stopped
41.9272 	EXP 	Sound beep started
41.9446 	EXP 	Sound beep stopped
42.0479 	EXP 	Sound beep started
42.0752 	EXP 	Sound beep stopped
42.1782 	EXP 	Sound beep started
42.1996 	EXP 	Sound beep stopped
42.3026 	EXP 	Sound beep started
42.3221 	EXP 	Sound beep stopped
43.1227 	EXP 	New trial (rep=1, index=1): {'condition': '6_con_duration', 'single_duration': 0.02, 'numerosity': 6}
43.1277 	EXP 	Sound beep started
43.1466 	EXP 	Sound beep stopped
43.2493 	EXP 	Sound beep started
43.2758 	EXP 	Sound beep stopped
43.3789 	EXP 	Sound beep started
43.3987 	EXP 	Sound beep stopped
43.5017 	EXP 	Sound beep started
43.5208 	EXP 	Sound beep stopped
43.6244 	EXP 	Sound beep started
43.6469 	EXP 	Sound beep stopped
43.7495 	EXP 	Sound beep started
43.7758 	EXP 	Sound beep stopped
44.5763 	EXP 	New trial (rep=1, index=2): {'condition': '4_con_duration', 'single_duration': 0.08, 'numerosity': 4}
44.5811 	EXP 	Sound beep started
44.6603 	EXP 	Sound beep stopped
44.7627 	EXP 	Sound beep started
44.8429 	EXP 	Sound beep stopped
44.9456 	EXP 	Sound beep started
45.0260 	EXP 	Sound beep stopped
45.1289 	EXP 	Sound beep started
45.2092 	EXP 	Sound beep stopped
46.0099 	EXP 	New trial (rep=1, index=3): {'condition': '2_con_rate', 'single_duration': 0.02, 'numerosity': 2}
46.0145 	EXP 	Sound beep started
46.0432 	EXP 	Sound beep stopped
46.1456 	EXP 	Sound beep started
46.1632 	EXP 	Sound beep stopped
46.9637 	EXP 	New trial (rep=1, index=4): {'condition': '1_con_duration', 'single_duration': 0.62, 'numerosity': 1}
46.9679 	EXP 	Sound beep started
47.5861 	EXP 	Sound beep stopped
48.3868 	EXP 	New trial (rep=1, index=5): {'condition': '3_con_rate', 'single_duration': 0.02, 'numerosity': 3}
48.3904 	EXP 	Sound beep started
48.4131 	EXP 	Sound beep stopped
48.5159 	EXP 	Sound beep started
48.5436 	EXP 	Sound beep stopped
48.6463 	EXP 	Sound beep started
48.6636 	EXP 	Sound beep stopped
49.4641 	EXP 	New trial (rep=1, index=6): {'condition': '1_con_rate', 'single_duration': 0.02, 'numerosity': 1}
49.4684 	EXP 	Sound beep started
49.4928 	EXP 	Sound beep stopped
50.2934 	EXP 	New trial (rep=1, index=7): {'condition': '2_con_duration', 'single_duration': 0.26, 'numerosity': 2}
50.2978 	EXP 	Sound beep started
50.5598 	EXP 	Sound beep stopped
50.6625 	EXP 	Sound beep started
50.9265 	EXP 	Sound beep stopped
51.7269 	EXP 	New trial (rep=1, index=8): {'condition': '5_con_duration', 'single_duration': 0.044, 'numerosity': 5}
51.7314 	EXP 	Sound beep started
51.7760 	EXP 	Sound beep stopped
51.8791 	EXP 	Sound beep started
51.9262 	EXP 	Sound beep stopped
52.0290 	EXP 	Sound beep started
52.0773 	EXP 	Sound beep stopped
52.1792 	EXP 	Sound beep started
52.2266 	EXP 	Sound beep stopped
52.3290 	EXP 	Sound beep started
52.3874 	EXP 	Sound beep stopped
53.1879 	EXP 	New trial (rep=1, index=9): {'condition': '6_con_rate', 'single_duration': 0.02, 'numerosity': 6}
53.1925 	EXP 	Sound beep started
53.2148 	EXP 	Sound beep stopped
53.3175 	EXP 	Sound beep started
53.3348 	EXP 	Sound beep stopped
53.4375 	EXP 	Sound beep started
53.4586 	EXP 	Sound beep stopped
53.5615 	EXP 	Sound beep started
53.5840 	EXP 	Sound beep stopped
53.6867 	EXP 	Sound beep started
53.7084 	EXP 	Sound beep stopped
53.8117 	EXP 	Sound beep started
53.8332 	EXP 	Sound beep stopped
54.6336 	EXP 	New trial (rep=1, index=10): {'condition': '4_con_rate', 'single_duration': 0.02, 'numerosity': 4}
54.6382 	EXP 	Sound beep started
54.6577 	EXP 	Sound beep stopped
54.7605 	EXP 	Sound beep started
54.7805 	EXP 	Sound beep stopped
54.8835 	EXP 	Sound beep started
54.9002 	EXP 	Sound beep stopped
55.0028 	EXP 	Sound beep started
55.0192 	EXP 	Sound beep stopped
55.8197 	EXP 	New trial (rep=1, index=11): {'condition': '3_con_duration', 'single_duration': 0.14, 'numerosity': 3}
55.8246 	EXP 	Sound beep started
55.9650 	EXP 	Sound beep stopped
56.0678 	EXP 	Sound beep started
56.2098 	EXP 	Sound beep stopped
56.3126 	EXP 	Sound beep started
56.4592 	EXP 	Sound beep stopped
57.5658 	EXP 	Sound audio started
58.2653 	EXP 	Sound audio stopped
59.0874 	EXP 	New trial (rep=2, index=0): {'condition': '2_con_rate', 'single_duration': 0.02, 'numerosity': 2}
59.0895 	EXP 	Sound beep started
59.1072 	EXP 	Sound beep stopped
59.2102 	EXP 	Sound beep started
59.2327 	EXP 	Sound beep stopped
60.0332 	EXP 	New trial (rep=2, index=1): {'condition': '4_con_duration', 'single_duration': 0.08, 'numerosity': 4}
60.0373 	EXP 	Sound beep started
60.1152 	EXP 	Sound beep stopped
60.2179 	EXP 	Sound beep started
60.2983 	EXP 	Sound beep stopped
60.4017 	EXP 	Sound beep started
60.4818 	EXP 	Sound beep stopped
60.5853 	EXP 	Sound beep started
60.6648 	EXP 	Sound beep stopped
61.4652 	EXP 	New trial (rep=2, index=2): {'condition': '3_con_rate', 'single_duration': 0.02, 'numerosity': 3}
61.4701 	EXP 	Sound beep started
61.4882 	EXP 	Sound beep stopped
61.5917 	EXP 	Sound beep started
61.6115 	EXP 	Sound beep stopped
61.7144 	EXP 	Sound beep started
61.7429 	EXP 	Sound beep stopped
62.5435 	EXP 	New trial (rep=2, index=3): {'condition': '4_con_rate', 'single_duration': 0.02, 'numerosity': 4}
62.5482 	EXP 	Sound beep started
62.5667 	EXP 	Sound beep stopped
62.6694 	EXP 	Sound beep started
62.6960 	EXP 	Sound beep stopped
62.8058 	EXP 	Sound beep started
62.8188 	EXP 	Sound beep stopped
62.9210 	EXP 	Sound beep started
62.9420 	EXP 	Sound beep stopped
63.7424 	EXP 	New trial (rep=2, index=4): {'condition': '1_con_duration', 'single_duration': 0.62, 'numerosity': 1}
63.7470 	EXP 	Sound beep started
64.3869 	DATA 	Keypress: escape
64.3991 	EXP 	Sound beep stopped
65.4603 	EXP 	window1: mouseVisible = True
65.5161 	WARNING 	Stopping key buffers but this could be dangerous ifother keyboards rely on the same.
